app/build/outputs/logs/manifest-merger-debug-report.txt
-- Merging decision tree log ---
manifest
ADDED from src\main\AndroidManifest.xml:2:1-65:12
	xmlns:android
		ADDED from src\main\AndroidManifest.xml:2:11-69
	package
		ADDED from src\main\AndroidManifest.xml:3:11-57
		INJECTED from src\main\AndroidManifest.xml
		INJECTED from src\main\AndroidManifest.xml
	android:versionName
		INJECTED from src\main\AndroidManifest.xml
		INJECTED from src\main\AndroidManifest.xml
	android:versionCode
		INJECTED from src\main\AndroidManifest.xml
		INJECTED from src\main\AndroidManifest.xml
uses-permission#android.permission.READ_EXTERNAL_STORAGE
ADDED from src\main\AndroidManifest.xml:5:5-79
	android:name
		ADDED from src\main\AndroidManifest.xml:5:22-77
uses-permission#android.permission.INTERNET
ADDED from src\main\AndroidManifest.xml:7:5-67
	android:name
		ADDED from src\main\AndroidManifest.xml:7:22-64
uses-permission#android.permission.GET_TASKS
ADDED from src\main\AndroidManifest.xml:8:5-68
	android:name
		ADDED from src\main\AndroidManifest.xml:8:22-65
uses-permission#android.permission.ACCESS_WIFI_STATE
ADDED from src\main\AndroidManifest.xml:10:5-76
	android:name
		ADDED from src\main\AndroidManifest.xml:10:22-73
uses-permission#android.permission.ACCESS_NETWORK_STATE
ADDED from src\main\AndroidManifest.xml:11:5-79
	android:name
		ADDED from src\main\AndroidManifest.xml:11:22-76
uses-permission#android.permission.CHANGE_WIFI_STATE
ADDED from src\main\AndroidManifest.xml:12:5-76
	android:name
		ADDED from src\main\AndroidManifest.xml:12:22-73
uses-permission#android.permission.WRITE_EXTERNAL_STORAGE
ADDED from src\main\AndroidManifest.xml:13:5-81
	android:name
		ADDED from src\main\AndroidManifest.xml:13:22-78
uses-permission#android.permission.READ_PHONE_STATE
ADDED from src\main\AndroidManifest.xml:15:5-75
	android:name
		ADDED from src\main\AndroidManifest.xml:15:22-72
uses-permission#android.permission.MANAGE_ACCOUNTS
ADDED from src\main\AndroidManifest.xml:16:5-73
	android:name
		ADDED from src\main\AndroidManifest.xml:16:22-71
uses-permission#android.permission.GET_ACCOUNTS
ADDED from src\main\AndroidManifest.xml:17:5-70
	android:name
		ADDED from src\main\AndroidManifest.xml:17:22-68
uses-permission#android.permission.BLUETOOTH
ADDED from src\main\AndroidManifest.xml:19:5-68
	android:name
		ADDED from src\main\AndroidManifest.xml:19:22-65
uses-permission#android.permission.BLUETOOTH_ADMIN
ADDED from src\main\AndroidManifest.xml:20:5-74
	android:name
		ADDED from src\main\AndroidManifest.xml:20:22-71
application
ADDED from src\main\AndroidManifest.xml:21:5-63:19
MERGED from [com.android.support:support-v4:24.1.1] AndroidManifest.xml:25:5-20
MERGED from [com.android.support:appcompat-v7:22.2.1] AndroidManifest.xml:22:5-20
MERGED from [com.android.support:support-v4:24.1.1] AndroidManifest.xml:25:5-20
MERGED from [com.android.support:support-v4:24.1.1] AndroidManifest.xml:25:5-20
MERGED from [com.android.support:support-v4:24.1.1] AndroidManifest.xml:25:5-20
	android:supportsRtl
		ADDED from src\main\AndroidManifest.xml:25:9-35
	android:label
		ADDED from src\main\AndroidManifest.xml:24:9-41
	android:allowBackup
		ADDED from src\main\AndroidManifest.xml:22:9-35
	android:icon
		ADDED from src\main\AndroidManifest.xml:23:9-44
	android:theme
		ADDED from src\main\AndroidManifest.xml:26:9-40
activity#com.example.administrator.runforlife.MainActivity
ADDED from src\main\AndroidManifest.xml:27:9-33:20
	android:name
		ADDED from src\main\AndroidManifest.xml:27:19-47
intent-filter#android.intent.action.MAIN+android.intent.category.LAUNCHER
ADDED from src\main\AndroidManifest.xml:28:13-32:29
action#android.intent.action.MAIN
ADDED from src\main\AndroidManifest.xml:29:17-68
	android:name
		ADDED from src\main\AndroidManifest.xml:29:25-66
category#android.intent.category.LAUNCHER
ADDED from src\main\AndroidManifest.xml:31:17-76
	android:name
		ADDED from src\main\AndroidManifest.xml:31:27-74
activity#com.example.administrator.runforlife.RunActivity
ADDED from src\main\AndroidManifest.xml:34:9-35:20
	android:name
		ADDED from src\main\AndroidManifest.xml:34:19-46
activity#com.example.administrator.activity.ShowInfoDetailHealthActivity
ADDED from src\main\AndroidManifest.xml:36:9-109
	android:name
		ADDED from src\main\AndroidManifest.xml:36:19-97
activity#com.mob.tools.MobUIShell
ADDED from src\main\AndroidManifest.xml:37:9-56:20
	android:windowSoftInputMode
		ADDED from src\main\AndroidManifest.xml:42:13-67
	android:screenOrientation
		ADDED from src\main\AndroidManifest.xml:41:13-49
	android:configChanges
		ADDED from src\main\AndroidManifest.xml:40:13-74
	android:theme
		ADDED from src\main\AndroidManifest.xml:39:13-72
	android:name
		ADDED from src\main\AndroidManifest.xml:38:13-52
intent-filter#android.intent.action.VIEW+android.intent.category.BROWSABLE+android.intent.category.DEFAULT
ADDED from src\main\AndroidManifest.xml:44:13-49:29
data
ADDED from src\main\AndroidManifest.xml:45:17-59
	android:scheme
		ADDED from src\main\AndroidManifest.xml:45:23-56
action#android.intent.action.VIEW
ADDED from src\main\AndroidManifest.xml:46:17-69
	android:name
		ADDED from src\main\AndroidManifest.xml:46:25-66
category#android.intent.category.BROWSABLE
ADDED from src\main\AndroidManifest.xml:47:17-78
	android:name
		ADDED from src\main\AndroidManifest.xml:47:27-75
category#android.intent.category.DEFAULT
ADDED from src\main\AndroidManifest.xml:48:17-76
	android:name
		ADDED from src\main\AndroidManifest.xml:48:27-73
intent-filter#android.intent.category.DEFAULT+com.sina.weibo.sdk.action.ACTION_SDK_REQ_ACTIVITY
ADDED from src\main\AndroidManifest.xml:52:13-55:29
action#com.sina.weibo.sdk.action.ACTION_SDK_REQ_ACTIVITY
ADDED from src\main\AndroidManifest.xml:53:17-92
	android:name
		ADDED from src\main\AndroidManifest.xml:53:25-89
activity#com.example.run_location.wxapi.WXEntryActivity
ADDED from src\main\AndroidManifest.xml:57:9-62:52
	android:screenOrientation
		ADDED from src\main\AndroidManifest.xml:62:13-49
	android:configChanges
		ADDED from src\main\AndroidManifest.xml:60:13-74
	android:theme
		ADDED from src\main\AndroidManifest.xml:59:13-72
	android:exported
		ADDED from src\main\AndroidManifest.xml:61:13-36
	android:name
		ADDED from src\main\AndroidManifest.xml:58:13-74
uses-sdk
INJECTED from src\main\AndroidManifest.xml reason: use-sdk injection requested
MERGED from [com.android.support:recyclerview-v7:24.1.1] AndroidManifest.xml:20:5-43
MERGED from [com.android.support:support-v4:24.1.1] AndroidManifest.xml:21:5-23:54
MERGED from [com.android.support:appcompat-v7:22.2.1] AndroidManifest.xml:20:5-43
MERGED from [com.android.support:support-v4:24.1.1] AndroidManifest.xml:21:5-23:54
MERGED from [com.android.support:support-v4:24.1.1] AndroidManifest.xml:21:5-23:54
MERGED from [Run_For_Life9.9:indicatorlibrary:unspecified] AndroidManifest.xml:7:5-9:41
MERGED from [com.android.support:support-v4:24.1.1] AndroidManifest.xml:21:5-23:54
	android:targetSdkVersion
		INJECTED from src\main\AndroidManifest.xml
		INJECTED from src\main\AndroidManifest.xml
	android:minSdkVersion
		INJECTED from src\main\AndroidManifest.xml
		INJECTED from src\main\AndroidManifest.xml
	tools:overrideLibrary
		ADDED from [com.android.support:support-v4:24.1.1] AndroidManifest.xml:23:9-51